[kbplacer_plugin_action.py:65]: Plugin version: 0.12
[kbplacer_plugin_action.py:66]: Python version: '3.11.5 (main, Aug 14 2024, 05:26:19) [MSC v.1939 64 bit (AMD64)]'
[kbplacer_plugin_action.py:67]: KiCad version: 8.0.5 with 4.2.0 msw (phoenix) wxWidgets 3.2.5
[kbplacer_dialog.py:585]: Language: pl
[kbplacer_plugin_action.py:75]: GUI state: {"layout_path": "E:\\Klawiaturaduza\\monsgeek layout.json", "key_distance": [19.05, 19.05], "key_info": {"annotation_format": "SW{}", "position_option": "Default", "position": {"x": 0.0, "y": 0.0, "orientation": 0.0, "side": "Front"}, "template_path": ""}, "enable_diode_placement": false, "route_switches_with_diodes": false, "optimize_diodes_orientation": false, "diode_info": {"annotation_format": "D{}", "position_option": "Default", "position": {"x": 5.08, "y": 3.03, "orientation": 90.0, "side": "Back"}, "template_path": ""}, "additional_elements": [{"annotation_format": "C10{}", "position_option": "Relative", "position": null, "template_path": ""}], "route_rows_and_columns": false, "template_path": "", "generate_outline": false, "outline_delta": 2.0}
[key_placer.py:361]: Set key 1U distance: 19050000/19050000
[key_placer.py:116]: Unexpected switch net position detected, each switch should have two unique nets unambiguously defining position in key matrix, switch-by-matrix association can't be used
[key_placer.py:123]: Switches by nets: {}
[key_placer.py:127]: Diodes by switch: {}
[board_modifier.py:64]: Searching for SW1 footprint in E:\Klawiaturaduza\DuzaKlawiatura\DuzaKlawiatura.kicad_pcb
[key_placer.py:557]: Looking for connection template between SW1 and other elements
[board_modifier.py:98]: Getting SW1 footprint position: (38100000, 38100000)
[key_placer.py:601]: Got connection template: 
[board_modifier.py:64]: Searching for SW1 footprint in E:\Klawiaturaduza\DuzaKlawiatura\DuzaKlawiatura.kicad_pcb
[board_modifier.py:64]: Searching for C101 footprint in E:\Klawiaturaduza\DuzaKlawiatura\DuzaKlawiatura.kicad_pcb
[board_modifier.py:98]: Getting SW1 footprint position: (38100000, 38100000)
[board_modifier.py:98]: Getting C101 footprint position: (42500000, 44480000)
[key_placer.py:865]: Element info updated: ElementInfo(annotation_format='C10{}', position_option=<PositionOption.RELATIVE: 'Relative'>, position=ElementPosition(x=4.4, y=6.38, orientation=-90.0, side=<Side.BACK: 'Back'>), template_path='')
[kle_serial.py:897]: User layout: [[{'a': 6}, 'Esc', {'x': 0.25}, 'F1', 'F2', 'F3', 'F4', {'x': 0.25}, 'F5', 'F6', 'F7', 'F8', {'x': 0.25}, 'F9', 'F10', 'F11', 'F12', {'x': 0.25, 'a': 4}, 'Del'], [{'y': 0.25}, '~\n`', '!\n1', '@\n2', '#\n3', '$\n4', '%\n5', '^\n6', '&\n7', '*\n8', '(\n9', ')\n0', '_\n-', '+\n=', {'w': 2}, 'Backspace\n\n\n2', {'x': 0.5}, 'Home'], [{'w': 1.5}, 'Tab\n\n\n1,5', 'Q', 'W', 'E', 'R', 'T', 'Y', 'U', 'I', 'O', 'P', '{\n[', '}\n]', {'w': 1.5}, '|\n\\\n\n1,5', {'x': 0.5}, 'Page\n\n\n\n\n\nUp'], [{'w': 1.75}, 'Caps Lock\n\n\n1,75', 'A', 'S', 'D', 'F', 'G', 'H', 'J', 'K', 'L', ':\n;', '"\n\'', {'w': 2.25}, 'Enter\n\n\n2,25', {'x': 0.5}, 'Page\n\n\n\n\n\nDown'], [{'w': 2.25}, 'Shift\n\n\n2,25', 'Z', 'X', 'C', 'V', 'B', 'N', 'M', '<\n,', '>\n.', '?\n/', {'w': 1.75}, 'Shift\n\n\n1,75', {'x': 1.5}, 'End'], [{'y': -0.75, 'x': 14.25, 'a': 7}, '↑'], [{'y': -0.25, 'a': 4, 'w': 1.25}, 'Ctrl\n\n\n1,25', {'w': 1.25}, 'Win\n\n\n1,25', {'w': 1.25}, 'Alt\n\n\n1,25', {'a': 7, 'w': 6.25}, '', {'a': 4}, 'Alt', 'Fn', 'Ctrl'], [{'y': -0.75, 'x': 13.25, 'a': 7}, '←', '↓', '→']]
[key_placer.py:661]: Layout offset: (28575000, 28575000)
[board_modifier.py:85]: Setting SW1 footprint position: (38100000, 38100000)
[board_modifier.py:85]: Setting SW2 footprint position: (61912500, 38100000)
[board_modifier.py:85]: Setting SW3 footprint position: (80962500, 38100000)
[board_modifier.py:85]: Setting SW4 footprint position: (100012500, 38100000)
[board_modifier.py:85]: Setting SW5 footprint position: (119062500, 38100000)
[board_modifier.py:85]: Setting SW6 footprint position: (142875000, 38100000)
[board_modifier.py:85]: Setting SW7 footprint position: (161925000, 38100000)
[board_modifier.py:85]: Setting SW8 footprint position: (180975000, 38100000)
[board_modifier.py:85]: Setting SW9 footprint position: (200025000, 38100000)
[board_modifier.py:85]: Setting SW10 footprint position: (223837500, 38100000)
[board_modifier.py:85]: Setting SW11 footprint position: (242887500, 38100000)
[board_modifier.py:85]: Setting SW12 footprint position: (261937500, 38100000)
[board_modifier.py:85]: Setting SW13 footprint position: (280987500, 38100000)
[board_modifier.py:85]: Setting SW14 footprint position: (304800000, 38100000)
[board_modifier.py:85]: Setting SW15 footprint position: (38100000, 61912500)
[board_modifier.py:85]: Setting SW16 footprint position: (57150000, 61912500)
[board_modifier.py:85]: Setting SW17 footprint position: (76200000, 61912500)
[board_modifier.py:85]: Setting SW18 footprint position: (95250000, 61912500)
[board_modifier.py:85]: Setting SW19 footprint position: (114300000, 61912500)
[board_modifier.py:85]: Setting SW20 footprint position: (133350000, 61912500)
[board_modifier.py:85]: Setting SW21 footprint position: (152400000, 61912500)
[board_modifier.py:85]: Setting SW22 footprint position: (171450000, 61912500)
[board_modifier.py:85]: Setting SW23 footprint position: (190500000, 61912500)
[board_modifier.py:85]: Setting SW24 footprint position: (209550000, 61912500)
[board_modifier.py:85]: Setting SW25 footprint position: (228600000, 61912500)
[board_modifier.py:85]: Setting SW26 footprint position: (247650000, 61912500)
[board_modifier.py:85]: Setting SW27 footprint position: (266700000, 61912500)
[board_modifier.py:85]: Setting SW28 footprint position: (295275000, 61912500)
[board_modifier.py:85]: Setting SW29 footprint position: (333375000, 61912500)
[board_modifier.py:85]: Setting SW30 footprint position: (42862500, 80962500)
[board_modifier.py:85]: Setting SW31 footprint position: (66675000, 80962500)
[board_modifier.py:85]: Setting SW32 footprint position: (85725000, 80962500)
[board_modifier.py:85]: Setting SW33 footprint position: (104775000, 80962500)
[board_modifier.py:85]: Setting SW34 footprint position: (123825000, 80962500)
[board_modifier.py:85]: Setting SW35 footprint position: (142875000, 80962500)
[board_modifier.py:85]: Setting SW36 footprint position: (161925000, 80962500)
[board_modifier.py:85]: Setting SW37 footprint position: (180975000, 80962500)
[board_modifier.py:85]: Setting SW38 footprint position: (200025000, 80962500)
[board_modifier.py:85]: Setting SW39 footprint position: (219075000, 80962500)
[board_modifier.py:85]: Setting SW40 footprint position: (238125000, 80962500)
[board_modifier.py:85]: Setting SW41 footprint position: (257175000, 80962500)
[board_modifier.py:85]: Setting SW42 footprint position: (276225000, 80962500)
[board_modifier.py:85]: Setting SW43 footprint position: (300037500, 80962500)
[board_modifier.py:85]: Setting SW44 footprint position: (333375000, 80962500)
[board_modifier.py:85]: Setting SW45 footprint position: (45243750, 100012500)
[board_modifier.py:85]: Setting SW46 footprint position: (71437500, 100012500)
[board_modifier.py:85]: Setting SW47 footprint position: (90487500, 100012500)
[board_modifier.py:85]: Setting SW48 footprint position: (109537500, 100012500)
[board_modifier.py:85]: Setting SW49 footprint position: (128587500, 100012500)
[board_modifier.py:85]: Setting SW50 footprint position: (147637500, 100012500)
[board_modifier.py:85]: Setting SW51 footprint position: (166687500, 100012500)
[board_modifier.py:85]: Setting SW52 footprint position: (185737500, 100012500)
[board_modifier.py:85]: Setting SW53 footprint position: (204787500, 100012500)
[board_modifier.py:85]: Setting SW54 footprint position: (223837500, 100012500)
[board_modifier.py:85]: Setting SW55 footprint position: (242887500, 100012500)
[board_modifier.py:85]: Setting SW56 footprint position: (261937500, 100012500)
[board_modifier.py:85]: Setting SW57 footprint position: (292893750, 100012500)
[board_modifier.py:85]: Setting SW58 footprint position: (333375000, 100012500)
[board_modifier.py:85]: Setting SW59 footprint position: (50006250, 119062500)
[board_modifier.py:85]: Setting SW60 footprint position: (80962500, 119062500)
[board_modifier.py:85]: Setting SW61 footprint position: (100012500, 119062500)
[board_modifier.py:85]: Setting SW62 footprint position: (119062500, 119062500)
[board_modifier.py:85]: Setting SW63 footprint position: (138112500, 119062500)
[board_modifier.py:85]: Setting SW64 footprint position: (157162500, 119062500)
[board_modifier.py:85]: Setting SW65 footprint position: (176212500, 119062500)
[board_modifier.py:85]: Setting SW66 footprint position: (195262500, 119062500)
[board_modifier.py:85]: Setting SW67 footprint position: (214312500, 119062500)
[board_modifier.py:85]: Setting SW68 footprint position: (233362500, 119062500)
[board_modifier.py:85]: Setting SW69 footprint position: (252412500, 119062500)
[board_modifier.py:85]: Setting SW70 footprint position: (278606250, 119062500)
[board_modifier.py:85]: Setting SW71 footprint position: (333375000, 119062500)
[board_modifier.py:85]: Setting SW72 footprint position: (309562500, 123825000)
[board_modifier.py:85]: Setting SW73 footprint position: (40481250, 138112500)
[board_modifier.py:85]: Setting SW74 footprint position: (64293750, 138112500)
[board_modifier.py:85]: Setting SW75 footprint position: (88106250, 138112500)
[board_modifier.py:85]: Setting SW76 footprint position: (159543750, 138112500)
[board_modifier.py:85]: Setting SW77 footprint position: (228600000, 138112500)
[board_modifier.py:85]: Setting SW78 footprint position: (247650000, 138112500)
[board_modifier.py:85]: Setting SW79 footprint position: (266700000, 138112500)
[board_modifier.py:85]: Setting SW80 footprint position: (290512500, 142875000)
[board_modifier.py:85]: Setting SW81 footprint position: (309562500, 142875000)
[board_modifier.py:85]: Setting SW82 footprint position: (328612500, 142875000)
[key_placer.py:996]: Diode info: [ElementInfo(annotation_format='D{}', position_option=<PositionOption.UNCHANGED: 'Unchanged'>, position=ElementPosition(x=5.08, y=3.03, orientation=90.0, side=<Side.BACK: 'Back'>), template_path='')]
[key_placer.py:774]: Placing additional elements for SW70
[board_modifier.py:98]: Getting SW70 footprint position: (278606250, 119062500)
[board_modifier.py:75]: Searching for optional C1070 footprint in E:\Klawiaturaduza\DuzaKlawiatura\DuzaKlawiatura.kicad_pcb
[board_modifier.py:85]: Setting C1070 footprint position: (283006250, 125442500)
[key_placer.py:774]: Placing additional elements for SW74
[board_modifier.py:98]: Getting SW74 footprint position: (64293750, 138112500)
[board_modifier.py:75]: Searching for optional C1074 footprint in E:\Klawiaturaduza\DuzaKlawiatura\DuzaKlawiatura.kicad_pcb
[board_modifier.py:85]: Setting C1074 footprint position: (68693750, 144492500)
[key_placer.py:774]: Placing additional elements for SW76
[board_modifier.py:98]: Getting SW76 footprint position: (159543750, 138112500)
[board_modifier.py:75]: Searching for optional C1076 footprint in E:\Klawiaturaduza\DuzaKlawiatura\DuzaKlawiatura.kicad_pcb
[board_modifier.py:85]: Setting C1076 footprint position: (163943750, 144492500)
[key_placer.py:774]: Placing additional elements for SW45
[board_modifier.py:98]: Getting SW45 footprint position: (45243750, 100012500)
[board_modifier.py:75]: Searching for optional C1045 footprint in E:\Klawiaturaduza\DuzaKlawiatura\DuzaKlawiatura.kicad_pcb
[board_modifier.py:85]: Setting C1045 footprint position: (49643750, 106392500)
[key_placer.py:774]: Placing additional elements for SW28
[board_modifier.py:98]: Getting SW28 footprint position: (295275000, 61912500)
[board_modifier.py:75]: Searching for optional C1028 footprint in E:\Klawiaturaduza\DuzaKlawiatura\DuzaKlawiatura.kicad_pcb
[board_modifier.py:85]: Setting C1028 footprint position: (299675000, 68292500)
[key_placer.py:774]: Placing additional elements for SW30
[board_modifier.py:98]: Getting SW30 footprint position: (42862500, 80962500)
[board_modifier.py:75]: Searching for optional C1030 footprint in E:\Klawiaturaduza\DuzaKlawiatura\DuzaKlawiatura.kicad_pcb
[board_modifier.py:85]: Setting C1030 footprint position: (47262500, 87342500)
[key_placer.py:774]: Placing additional elements for SW73
[board_modifier.py:98]: Getting SW73 footprint position: (40481250, 138112500)
[board_modifier.py:75]: Searching for optional C1073 footprint in E:\Klawiaturaduza\DuzaKlawiatura\DuzaKlawiatura.kicad_pcb
[board_modifier.py:85]: Setting C1073 footprint position: (44881250, 144492500)
[key_placer.py:774]: Placing additional elements for SW59
[board_modifier.py:98]: Getting SW59 footprint position: (50006250, 119062500)
[board_modifier.py:75]: Searching for optional C1059 footprint in E:\Klawiaturaduza\DuzaKlawiatura\DuzaKlawiatura.kicad_pcb
[board_modifier.py:85]: Setting C1059 footprint position: (54406250, 125442500)
[key_placer.py:774]: Placing additional elements for SW57
[board_modifier.py:98]: Getting SW57 footprint position: (292893750, 100012500)
[board_modifier.py:75]: Searching for optional C1057 footprint in E:\Klawiaturaduza\DuzaKlawiatura\DuzaKlawiatura.kicad_pcb
[board_modifier.py:85]: Setting C1057 footprint position: (297293750, 106392500)
[key_placer.py:774]: Placing additional elements for SW75
[board_modifier.py:98]: Getting SW75 footprint position: (88106250, 138112500)
[board_modifier.py:75]: Searching for optional C1075 footprint in E:\Klawiaturaduza\DuzaKlawiatura\DuzaKlawiatura.kicad_pcb
[board_modifier.py:85]: Setting C1075 footprint position: (92506250, 144492500)
[key_placer.py:774]: Placing additional elements for SW43
[board_modifier.py:98]: Getting SW43 footprint position: (300037500, 80962500)
[board_modifier.py:75]: Searching for optional C1043 footprint in E:\Klawiaturaduza\DuzaKlawiatura\DuzaKlawiatura.kicad_pcb
[board_modifier.py:85]: Setting C1043 footprint position: (304437500, 87342500)
[key_placer.py:774]: Placing additional elements for SW33
[board_modifier.py:98]: Getting SW33 footprint position: (104775000, 80962500)
[board_modifier.py:75]: Searching for optional C1033 footprint in E:\Klawiaturaduza\DuzaKlawiatura\DuzaKlawiatura.kicad_pcb
[board_modifier.py:85]: Setting C1033 footprint position: (109175000, 87342500)
[key_placer.py:774]: Placing additional elements for SW23
[board_modifier.py:98]: Getting SW23 footprint position: (190500000, 61912500)
[board_modifier.py:75]: Searching for optional C1023 footprint in E:\Klawiaturaduza\DuzaKlawiatura\DuzaKlawiatura.kicad_pcb
[board_modifier.py:85]: Setting C1023 footprint position: (194900000, 68292500)
[key_placer.py:774]: Placing additional elements for SW68
[board_modifier.py:98]: Getting SW68 footprint position: (233362500, 119062500)
[board_modifier.py:75]: Searching for optional C1068 footprint in E:\Klawiaturaduza\DuzaKlawiatura\DuzaKlawiatura.kicad_pcb
[board_modifier.py:85]: Setting C1068 footprint position: (237762500, 125442500)
[key_placer.py:774]: Placing additional elements for SW22
[board_modifier.py:98]: Getting SW22 footprint position: (171450000, 61912500)
[board_modifier.py:75]: Searching for optional C1022 footprint in E:\Klawiaturaduza\DuzaKlawiatura\DuzaKlawiatura.kicad_pcb
[board_modifier.py:85]: Setting C1022 footprint position: (175850000, 68292500)
[key_placer.py:774]: Placing additional elements for SW17
[board_modifier.py:98]: Getting SW17 footprint position: (76200000, 61912500)
[board_modifier.py:75]: Searching for optional C1017 footprint in E:\Klawiaturaduza\DuzaKlawiatura\DuzaKlawiatura.kicad_pcb
[board_modifier.py:85]: Setting C1017 footprint position: (80600000, 68292500)
[key_placer.py:774]: Placing additional elements for SW49
[board_modifier.py:98]: Getting SW49 footprint position: (128587500, 100012500)
[board_modifier.py:75]: Searching for optional C1049 footprint in E:\Klawiaturaduza\DuzaKlawiatura\DuzaKlawiatura.kicad_pcb
[board_modifier.py:85]: Setting C1049 footprint position: (132987500, 106392500)
[key_placer.py:774]: Placing additional elements for SW34
[board_modifier.py:98]: Getting SW34 footprint position: (123825000, 80962500)
[board_modifier.py:75]: Searching for optional C1034 footprint in E:\Klawiaturaduza\DuzaKlawiatura\DuzaKlawiatura.kicad_pcb
[board_modifier.py:85]: Setting C1034 footprint position: (128225000, 87342500)
[key_placer.py:774]: Placing additional elements for SW4
[board_modifier.py:98]: Getting SW4 footprint position: (100012500, 38100000)
[board_modifier.py:75]: Searching for optional C104 footprint in E:\Klawiaturaduza\DuzaKlawiatura\DuzaKlawiatura.kicad_pcb
[board_modifier.py:85]: Setting C104 footprint position: (104412500, 44480000)
[key_placer.py:774]: Placing additional elements for SW6
[board_modifier.py:98]: Getting SW6 footprint position: (142875000, 38100000)
[board_modifier.py:75]: Searching for optional C106 footprint in E:\Klawiaturaduza\DuzaKlawiatura\DuzaKlawiatura.kicad_pcb
[board_modifier.py:85]: Setting C106 footprint position: (147275000, 44480000)
[key_placer.py:774]: Placing additional elements for SW82
[board_modifier.py:98]: Getting SW82 footprint position: (328612500, 142875000)
[board_modifier.py:75]: Searching for optional C1082 footprint in E:\Klawiaturaduza\DuzaKlawiatura\DuzaKlawiatura.kicad_pcb
[board_modifier.py:85]: Setting C1082 footprint position: (333012500, 149255000)
[key_placer.py:774]: Placing additional elements for SW32
[board_modifier.py:98]: Getting SW32 footprint position: (85725000, 80962500)
[board_modifier.py:75]: Searching for optional C1032 footprint in E:\Klawiaturaduza\DuzaKlawiatura\DuzaKlawiatura.kicad_pcb
[board_modifier.py:85]: Setting C1032 footprint position: (90125000, 87342500)
[key_placer.py:774]: Placing additional elements for SW21
[board_modifier.py:98]: Getting SW21 footprint position: (152400000, 61912500)
[board_modifier.py:75]: Searching for optional C1021 footprint in E:\Klawiaturaduza\DuzaKlawiatura\DuzaKlawiatura.kicad_pcb
[board_modifier.py:85]: Setting C1021 footprint position: (156800000, 68292500)
[key_placer.py:774]: Placing additional elements for SW71
[board_modifier.py:98]: Getting SW71 footprint position: (333375000, 119062500)
[board_modifier.py:75]: Searching for optional C1071 footprint in E:\Klawiaturaduza\DuzaKlawiatura\DuzaKlawiatura.kicad_pcb
[board_modifier.py:85]: Setting C1071 footprint position: (337775000, 125442500)
[key_placer.py:774]: Placing additional elements for SW8
[board_modifier.py:98]: Getting SW8 footprint position: (180975000, 38100000)
[board_modifier.py:75]: Searching for optional C108 footprint in E:\Klawiaturaduza\DuzaKlawiatura\DuzaKlawiatura.kicad_pcb
[board_modifier.py:85]: Setting C108 footprint position: (185375000, 44480000)
[key_placer.py:774]: Placing additional elements for SW1
[board_modifier.py:98]: Getting SW1 footprint position: (38100000, 38100000)
[board_modifier.py:75]: Searching for optional C101 footprint in E:\Klawiaturaduza\DuzaKlawiatura\DuzaKlawiatura.kicad_pcb
[board_modifier.py:85]: Setting C101 footprint position: (42500000, 44480000)
[key_placer.py:774]: Placing additional elements for SW14
[board_modifier.py:98]: Getting SW14 footprint position: (304800000, 38100000)
[board_modifier.py:75]: Searching for optional C1014 footprint in E:\Klawiaturaduza\DuzaKlawiatura\DuzaKlawiatura.kicad_pcb
[board_modifier.py:85]: Setting C1014 footprint position: (309200000, 44480000)
[key_placer.py:774]: Placing additional elements for SW24
[board_modifier.py:98]: Getting SW24 footprint position: (209550000, 61912500)
[board_modifier.py:75]: Searching for optional C1024 footprint in E:\Klawiaturaduza\DuzaKlawiatura\DuzaKlawiatura.kicad_pcb
[board_modifier.py:85]: Setting C1024 footprint position: (213950000, 68292500)
[key_placer.py:774]: Placing additional elements for SW16
[board_modifier.py:98]: Getting SW16 footprint position: (57150000, 61912500)
[board_modifier.py:75]: Searching for optional C1016 footprint in E:\Klawiaturaduza\DuzaKlawiatura\DuzaKlawiatura.kicad_pcb
[board_modifier.py:85]: Setting C1016 footprint position: (61550000, 68292500)
[key_placer.py:774]: Placing additional elements for SW29
[board_modifier.py:98]: Getting SW29 footprint position: (333375000, 61912500)
[board_modifier.py:75]: Searching for optional C1029 footprint in E:\Klawiaturaduza\DuzaKlawiatura\DuzaKlawiatura.kicad_pcb
[board_modifier.py:85]: Setting C1029 footprint position: (337775000, 68292500)
[key_placer.py:774]: Placing additional elements for SW79
[board_modifier.py:98]: Getting SW79 footprint position: (266700000, 138112500)
[board_modifier.py:75]: Searching for optional C1079 footprint in E:\Klawiaturaduza\DuzaKlawiatura\DuzaKlawiatura.kicad_pcb
[board_modifier.py:85]: Setting C1079 footprint position: (271100000, 144492500)
[key_placer.py:774]: Placing additional elements for SW46
[board_modifier.py:98]: Getting SW46 footprint position: (71437500, 100012500)
[board_modifier.py:75]: Searching for optional C1046 footprint in E:\Klawiaturaduza\DuzaKlawiatura\DuzaKlawiatura.kicad_pcb
[board_modifier.py:85]: Setting C1046 footprint position: (75837500, 106392500)
[key_placer.py:774]: Placing additional elements for SW12
[board_modifier.py:98]: Getting SW12 footprint position: (261937500, 38100000)
[board_modifier.py:75]: Searching for optional C1012 footprint in E:\Klawiaturaduza\DuzaKlawiatura\DuzaKlawiatura.kicad_pcb
[board_modifier.py:85]: Setting C1012 footprint position: (266337500, 44480000)
[key_placer.py:774]: Placing additional elements for SW60
[board_modifier.py:98]: Getting SW60 footprint position: (80962500, 119062500)
[board_modifier.py:75]: Searching for optional C1060 footprint in E:\Klawiaturaduza\DuzaKlawiatura\DuzaKlawiatura.kicad_pcb
[board_modifier.py:85]: Setting C1060 footprint position: (85362500, 125442500)
[key_placer.py:774]: Placing additional elements for SW64
[board_modifier.py:98]: Getting SW64 footprint position: (157162500, 119062500)
[board_modifier.py:75]: Searching for optional C1064 footprint in E:\Klawiaturaduza\DuzaKlawiatura\DuzaKlawiatura.kicad_pcb
[board_modifier.py:85]: Setting C1064 footprint position: (161562500, 125442500)
[key_placer.py:774]: Placing additional elements for SW36
[board_modifier.py:98]: Getting SW36 footprint position: (161925000, 80962500)
[board_modifier.py:75]: Searching for optional C1036 footprint in E:\Klawiaturaduza\DuzaKlawiatura\DuzaKlawiatura.kicad_pcb
[board_modifier.py:85]: Setting C1036 footprint position: (166325000, 87342500)
[key_placer.py:774]: Placing additional elements for SW62
[board_modifier.py:98]: Getting SW62 footprint position: (119062500, 119062500)
[board_modifier.py:75]: Searching for optional C1062 footprint in E:\Klawiaturaduza\DuzaKlawiatura\DuzaKlawiatura.kicad_pcb
[board_modifier.py:85]: Setting C1062 footprint position: (123462500, 125442500)
[key_placer.py:774]: Placing additional elements for SW20
[board_modifier.py:98]: Getting SW20 footprint position: (133350000, 61912500)
[board_modifier.py:75]: Searching for optional C1020 footprint in E:\Klawiaturaduza\DuzaKlawiatura\DuzaKlawiatura.kicad_pcb
[board_modifier.py:85]: Setting C1020 footprint position: (137750000, 68292500)
[key_placer.py:774]: Placing additional elements for SW44
[board_modifier.py:98]: Getting SW44 footprint position: (333375000, 80962500)
[board_modifier.py:75]: Searching for optional C1044 footprint in E:\Klawiaturaduza\DuzaKlawiatura\DuzaKlawiatura.kicad_pcb
[board_modifier.py:85]: Setting C1044 footprint position: (337775000, 87342500)
[key_placer.py:774]: Placing additional elements for SW19
[board_modifier.py:98]: Getting SW19 footprint position: (114300000, 61912500)
[board_modifier.py:75]: Searching for optional C1019 footprint in E:\Klawiaturaduza\DuzaKlawiatura\DuzaKlawiatura.kicad_pcb
[board_modifier.py:85]: Setting C1019 footprint position: (118700000, 68292500)
[key_placer.py:774]: Placing additional elements for SW51
[board_modifier.py:98]: Getting SW51 footprint position: (166687500, 100012500)
[board_modifier.py:75]: Searching for optional C1051 footprint in E:\Klawiaturaduza\DuzaKlawiatura\DuzaKlawiatura.kicad_pcb
[board_modifier.py:85]: Setting C1051 footprint position: (171087500, 106392500)
[key_placer.py:774]: Placing additional elements for SW81
[board_modifier.py:98]: Getting SW81 footprint position: (309562500, 142875000)
[board_modifier.py:75]: Searching for optional C1081 footprint in E:\Klawiaturaduza\DuzaKlawiatura\DuzaKlawiatura.kicad_pcb
[board_modifier.py:85]: Setting C1081 footprint position: (313962500, 149255000)
[key_placer.py:774]: Placing additional elements for SW53
[board_modifier.py:98]: Getting SW53 footprint position: (204787500, 100012500)
[board_modifier.py:75]: Searching for optional C1053 footprint in E:\Klawiaturaduza\DuzaKlawiatura\DuzaKlawiatura.kicad_pcb
[board_modifier.py:85]: Setting C1053 footprint position: (209187500, 106392500)
[key_placer.py:774]: Placing additional elements for SW61
[board_modifier.py:98]: Getting SW61 footprint position: (100012500, 119062500)
[board_modifier.py:75]: Searching for optional C1061 footprint in E:\Klawiaturaduza\DuzaKlawiatura\DuzaKlawiatura.kicad_pcb
[board_modifier.py:85]: Setting C1061 footprint position: (104412500, 125442500)
[key_placer.py:774]: Placing additional elements for SW52
[board_modifier.py:98]: Getting SW52 footprint position: (185737500, 100012500)
[board_modifier.py:75]: Searching for optional C1052 footprint in E:\Klawiaturaduza\DuzaKlawiatura\DuzaKlawiatura.kicad_pcb
[board_modifier.py:85]: Setting C1052 footprint position: (190137500, 106392500)
[key_placer.py:774]: Placing additional elements for SW65
[board_modifier.py:98]: Getting SW65 footprint position: (176212500, 119062500)
[board_modifier.py:75]: Searching for optional C1065 footprint in E:\Klawiaturaduza\DuzaKlawiatura\DuzaKlawiatura.kicad_pcb
[board_modifier.py:85]: Setting C1065 footprint position: (180612500, 125442500)
[key_placer.py:774]: Placing additional elements for SW9
[board_modifier.py:98]: Getting SW9 footprint position: (200025000, 38100000)
[board_modifier.py:75]: Searching for optional C109 footprint in E:\Klawiaturaduza\DuzaKlawiatura\DuzaKlawiatura.kicad_pcb
[board_modifier.py:85]: Setting C109 footprint position: (204425000, 44480000)
[key_placer.py:774]: Placing additional elements for SW67
[board_modifier.py:98]: Getting SW67 footprint position: (214312500, 119062500)
[board_modifier.py:75]: Searching for optional C1067 footprint in E:\Klawiaturaduza\DuzaKlawiatura\DuzaKlawiatura.kicad_pcb
[board_modifier.py:85]: Setting C1067 footprint position: (218712500, 125442500)
[key_placer.py:774]: Placing additional elements for SW56
[board_modifier.py:98]: Getting SW56 footprint position: (261937500, 100012500)
[board_modifier.py:75]: Searching for optional C1056 footprint in E:\Klawiaturaduza\DuzaKlawiatura\DuzaKlawiatura.kicad_pcb
[board_modifier.py:85]: Setting C1056 footprint position: (266337500, 106392500)
[key_placer.py:774]: Placing additional elements for SW69
[board_modifier.py:98]: Getting SW69 footprint position: (252412500, 119062500)
[board_modifier.py:75]: Searching for optional C1069 footprint in E:\Klawiaturaduza\DuzaKlawiatura\DuzaKlawiatura.kicad_pcb
[board_modifier.py:85]: Setting C1069 footprint position: (256812500, 125442500)
[key_placer.py:774]: Placing additional elements for SW3
[board_modifier.py:98]: Getting SW3 footprint position: (80962500, 38100000)
[board_modifier.py:75]: Searching for optional C103 footprint in E:\Klawiaturaduza\DuzaKlawiatura\DuzaKlawiatura.kicad_pcb
[board_modifier.py:85]: Setting C103 footprint position: (85362500, 44480000)
[key_placer.py:774]: Placing additional elements for SW54
[board_modifier.py:98]: Getting SW54 footprint position: (223837500, 100012500)
[board_modifier.py:75]: Searching for optional C1054 footprint in E:\Klawiaturaduza\DuzaKlawiatura\DuzaKlawiatura.kicad_pcb
[board_modifier.py:85]: Setting C1054 footprint position: (228237500, 106392500)
[key_placer.py:774]: Placing additional elements for SW40
[board_modifier.py:98]: Getting SW40 footprint position: (238125000, 80962500)
[board_modifier.py:75]: Searching for optional C1040 footprint in E:\Klawiaturaduza\DuzaKlawiatura\DuzaKlawiatura.kicad_pcb
[board_modifier.py:85]: Setting C1040 footprint position: (242525000, 87342500)
[key_placer.py:774]: Placing additional elements for SW25
[board_modifier.py:98]: Getting SW25 footprint position: (228600000, 61912500)
[board_modifier.py:75]: Searching for optional C1025 footprint in E:\Klawiaturaduza\DuzaKlawiatura\DuzaKlawiatura.kicad_pcb
[board_modifier.py:85]: Setting C1025 footprint position: (233000000, 68292500)
[key_placer.py:774]: Placing additional elements for SW66
[board_modifier.py:98]: Getting SW66 footprint position: (195262500, 119062500)
[board_modifier.py:75]: Searching for optional C1066 footprint in E:\Klawiaturaduza\DuzaKlawiatura\DuzaKlawiatura.kicad_pcb
[board_modifier.py:85]: Setting C1066 footprint position: (199662500, 125442500)
[key_placer.py:774]: Placing additional elements for SW15
[board_modifier.py:98]: Getting SW15 footprint position: (38100000, 61912500)
[board_modifier.py:75]: Searching for optional C1015 footprint in E:\Klawiaturaduza\DuzaKlawiatura\DuzaKlawiatura.kicad_pcb
[board_modifier.py:85]: Setting C1015 footprint position: (42500000, 68292500)
[key_placer.py:774]: Placing additional elements for SW78
[board_modifier.py:98]: Getting SW78 footprint position: (247650000, 138112500)
[board_modifier.py:75]: Searching for optional C1078 footprint in E:\Klawiaturaduza\DuzaKlawiatura\DuzaKlawiatura.kicad_pcb
[board_modifier.py:85]: Setting C1078 footprint position: (252050000, 144492500)
[key_placer.py:774]: Placing additional elements for SW35
[board_modifier.py:98]: Getting SW35 footprint position: (142875000, 80962500)
[board_modifier.py:75]: Searching for optional C1035 footprint in E:\Klawiaturaduza\DuzaKlawiatura\DuzaKlawiatura.kicad_pcb
[board_modifier.py:85]: Setting C1035 footprint position: (147275000, 87342500)
[key_placer.py:774]: Placing additional elements for SW5
[board_modifier.py:98]: Getting SW5 footprint position: (119062500, 38100000)
[board_modifier.py:75]: Searching for optional C105 footprint in E:\Klawiaturaduza\DuzaKlawiatura\DuzaKlawiatura.kicad_pcb
[board_modifier.py:85]: Setting C105 footprint position: (123462500, 44480000)
[key_placer.py:774]: Placing additional elements for SW63
[board_modifier.py:98]: Getting SW63 footprint position: (138112500, 119062500)
[board_modifier.py:75]: Searching for optional C1063 footprint in E:\Klawiaturaduza\DuzaKlawiatura\DuzaKlawiatura.kicad_pcb
[board_modifier.py:85]: Setting C1063 footprint position: (142512500, 125442500)
[key_placer.py:774]: Placing additional elements for SW77
[board_modifier.py:98]: Getting SW77 footprint position: (228600000, 138112500)
[board_modifier.py:75]: Searching for optional C1077 footprint in E:\Klawiaturaduza\DuzaKlawiatura\DuzaKlawiatura.kicad_pcb
[board_modifier.py:85]: Setting C1077 footprint position: (233000000, 144492500)
[key_placer.py:774]: Placing additional elements for SW31
[board_modifier.py:98]: Getting SW31 footprint position: (66675000, 80962500)
[board_modifier.py:75]: Searching for optional C1031 footprint in E:\Klawiaturaduza\DuzaKlawiatura\DuzaKlawiatura.kicad_pcb
[board_modifier.py:85]: Setting C1031 footprint position: (71075000, 87342500)
[key_placer.py:774]: Placing additional elements for SW39
[board_modifier.py:98]: Getting SW39 footprint position: (219075000, 80962500)
[board_modifier.py:75]: Searching for optional C1039 footprint in E:\Klawiaturaduza\DuzaKlawiatura\DuzaKlawiatura.kicad_pcb
[board_modifier.py:85]: Setting C1039 footprint position: (223475000, 87342500)
[key_placer.py:774]: Placing additional elements for SW38
[board_modifier.py:98]: Getting SW38 footprint position: (200025000, 80962500)
[board_modifier.py:75]: Searching for optional C1038 footprint in E:\Klawiaturaduza\DuzaKlawiatura\DuzaKlawiatura.kicad_pcb
[board_modifier.py:85]: Setting C1038 footprint position: (204425000, 87342500)
[key_placer.py:774]: Placing additional elements for SW13
[board_modifier.py:98]: Getting SW13 footprint position: (280987500, 38100000)
[board_modifier.py:75]: Searching for optional C1013 footprint in E:\Klawiaturaduza\DuzaKlawiatura\DuzaKlawiatura.kicad_pcb
[board_modifier.py:85]: Setting C1013 footprint position: (285387500, 44480000)
[key_placer.py:774]: Placing additional elements for SW41
[board_modifier.py:98]: Getting SW41 footprint position: (257175000, 80962500)
[board_modifier.py:75]: Searching for optional C1041 footprint in E:\Klawiaturaduza\DuzaKlawiatura\DuzaKlawiatura.kicad_pcb
[board_modifier.py:85]: Setting C1041 footprint position: (261575000, 87342500)
[key_placer.py:774]: Placing additional elements for SW50
[board_modifier.py:98]: Getting SW50 footprint position: (147637500, 100012500)
[board_modifier.py:75]: Searching for optional C1050 footprint in E:\Klawiaturaduza\DuzaKlawiatura\DuzaKlawiatura.kicad_pcb
[board_modifier.py:85]: Setting C1050 footprint position: (152037500, 106392500)
[key_placer.py:774]: Placing additional elements for SW42
[board_modifier.py:98]: Getting SW42 footprint position: (276225000, 80962500)
[board_modifier.py:75]: Searching for optional C1042 footprint in E:\Klawiaturaduza\DuzaKlawiatura\DuzaKlawiatura.kicad_pcb
[board_modifier.py:85]: Setting C1042 footprint position: (280625000, 87342500)
[key_placer.py:774]: Placing additional elements for SW11
[board_modifier.py:98]: Getting SW11 footprint position: (242887500, 38100000)
[board_modifier.py:75]: Searching for optional C1011 footprint in E:\Klawiaturaduza\DuzaKlawiatura\DuzaKlawiatura.kicad_pcb
[board_modifier.py:85]: Setting C1011 footprint position: (247287500, 44480000)
[key_placer.py:774]: Placing additional elements for SW47
[board_modifier.py:98]: Getting SW47 footprint position: (90487500, 100012500)
[board_modifier.py:75]: Searching for optional C1047 footprint in E:\Klawiaturaduza\DuzaKlawiatura\DuzaKlawiatura.kicad_pcb
[board_modifier.py:85]: Setting C1047 footprint position: (94887500, 106392500)
[key_placer.py:774]: Placing additional elements for SW37
[board_modifier.py:98]: Getting SW37 footprint position: (180975000, 80962500)
[board_modifier.py:75]: Searching for optional C1037 footprint in E:\Klawiaturaduza\DuzaKlawiatura\DuzaKlawiatura.kicad_pcb
[board_modifier.py:85]: Setting C1037 footprint position: (185375000, 87342500)
[key_placer.py:774]: Placing additional elements for SW48
[board_modifier.py:98]: Getting SW48 footprint position: (109537500, 100012500)
[board_modifier.py:75]: Searching for optional C1048 footprint in E:\Klawiaturaduza\DuzaKlawiatura\DuzaKlawiatura.kicad_pcb
[board_modifier.py:85]: Setting C1048 footprint position: (113937500, 106392500)
[key_placer.py:774]: Placing additional elements for SW2
[board_modifier.py:98]: Getting SW2 footprint position: (61912500, 38100000)
[board_modifier.py:75]: Searching for optional C102 footprint in E:\Klawiaturaduza\DuzaKlawiatura\DuzaKlawiatura.kicad_pcb
[board_modifier.py:85]: Setting C102 footprint position: (66312500, 44480000)
[key_placer.py:774]: Placing additional elements for SW80
[board_modifier.py:98]: Getting SW80 footprint position: (290512500, 142875000)
[board_modifier.py:75]: Searching for optional C1080 footprint in E:\Klawiaturaduza\DuzaKlawiatura\DuzaKlawiatura.kicad_pcb
[board_modifier.py:85]: Setting C1080 footprint position: (294912500, 149255000)
[key_placer.py:774]: Placing additional elements for SW7
[board_modifier.py:98]: Getting SW7 footprint position: (161925000, 38100000)
[board_modifier.py:75]: Searching for optional C107 footprint in E:\Klawiaturaduza\DuzaKlawiatura\DuzaKlawiatura.kicad_pcb
[board_modifier.py:85]: Setting C107 footprint position: (166325000, 44480000)
[key_placer.py:774]: Placing additional elements for SW10
[board_modifier.py:98]: Getting SW10 footprint position: (223837500, 38100000)
[board_modifier.py:75]: Searching for optional C1010 footprint in E:\Klawiaturaduza\DuzaKlawiatura\DuzaKlawiatura.kicad_pcb
[board_modifier.py:85]: Setting C1010 footprint position: (228237500, 44480000)
[key_placer.py:774]: Placing additional elements for SW72
[board_modifier.py:98]: Getting SW72 footprint position: (309562500, 123825000)
[board_modifier.py:75]: Searching for optional C1072 footprint in E:\Klawiaturaduza\DuzaKlawiatura\DuzaKlawiatura.kicad_pcb
[board_modifier.py:85]: Setting C1072 footprint position: (313962500, 130205000)
[key_placer.py:774]: Placing additional elements for SW27
[board_modifier.py:98]: Getting SW27 footprint position: (266700000, 61912500)
[board_modifier.py:75]: Searching for optional C1027 footprint in E:\Klawiaturaduza\DuzaKlawiatura\DuzaKlawiatura.kicad_pcb
[board_modifier.py:85]: Setting C1027 footprint position: (271100000, 68292500)
[key_placer.py:774]: Placing additional elements for SW18
[board_modifier.py:98]: Getting SW18 footprint position: (95250000, 61912500)
[board_modifier.py:75]: Searching for optional C1018 footprint in E:\Klawiaturaduza\DuzaKlawiatura\DuzaKlawiatura.kicad_pcb
[board_modifier.py:85]: Setting C1018 footprint position: (99650000, 68292500)
[key_placer.py:774]: Placing additional elements for SW55
[board_modifier.py:98]: Getting SW55 footprint position: (242887500, 100012500)
[board_modifier.py:75]: Searching for optional C1055 footprint in E:\Klawiaturaduza\DuzaKlawiatura\DuzaKlawiatura.kicad_pcb
[board_modifier.py:85]: Setting C1055 footprint position: (247287500, 106392500)
[key_placer.py:774]: Placing additional elements for SW26
[board_modifier.py:98]: Getting SW26 footprint position: (247650000, 61912500)
[board_modifier.py:75]: Searching for optional C1026 footprint in E:\Klawiaturaduza\DuzaKlawiatura\DuzaKlawiatura.kicad_pcb
[board_modifier.py:85]: Setting C1026 footprint position: (252050000, 68292500)
[key_placer.py:774]: Placing additional elements for SW58
[board_modifier.py:98]: Getting SW58 footprint position: (333375000, 100012500)
[board_modifier.py:75]: Searching for optional C1058 footprint in E:\Klawiaturaduza\DuzaKlawiatura\DuzaKlawiatura.kicad_pcb
[board_modifier.py:85]: Setting C1058 footprint position: (337775000, 106392500)
